# JRE version: Java(TM) SE Runtime Environment (8.0_66-b17) (build 1.8.0_66-b17)
# Java VM: Java HotSpot(TM) 64-Bit Server VM (25.66-b17 mixed mode linux-amd64 compressed oops)
Heap:
 PSYoungGen      total 417280K, used 56821K [0x000000076ab00000, 0x000000078a300000, 0x00000007c0000000)
  eden space 360448K, 0% used [0x000000076ab00000,0x000000076ab00000,0x0000000780b00000)
  from space 56832K, 99% used [0x0000000786b80000,0x000000078a2fd5b8,0x000000078a300000)
  to   space 41472K, 0% used [0x0000000780b00000,0x0000000780b00000,0x0000000783380000)
 ParOldGen       total 125952K, used 125565K [0x00000006c0000000, 0x00000006c7b00000, 0x000000076ab00000)
  object space 125952K, 99% used [0x00000006c0000000,0x00000006c7a9f668,0x00000006c7b00000)
 Metaspace       used 6553K, capacity 7320K, committed 7680K, reserved 1056768K
  class space    used 614K, capacity 656K, committed 768K, reserved 1048576K
GC Heap History (10 events):
Event: 2.716 GC heap after
Heap after GC invocations=6 (full 0):
 PSYoungGen      total 207360K, used 17759K [0x000000076ab00000, 0x0000000779400000, 0x00000007c0000000)
  eden space 188416K, 0% used [0x000000076ab00000,0x000000076ab00000,0x0000000776300000)
  from space 18944K, 93% used [0x0000000777980000,0x0000000778ad7dd0,0x0000000778c00000)
  to   space 23040K, 0% used [0x0000000776300000,0x0000000776300000,0x0000000777980000)
 ParOldGen       total 62976K, used 24495K [0x00000006c0000000, 0x00000006c3d80000, 0x000000076ab00000)
  object space 62976K, 38% used [0x00000006c0000000,0x00000006c17ebd18,0x00000006c3d80000)
 Metaspace       used 6173K, capacity 7064K, committed 7424K, reserved 1056768K
  class space    used 613K, capacity 656K, committed 768K, reserved 1048576K
}
Event: 3.781 GC heap before
{Heap before GC invocations=7 (full 0):
 PSYoungGen      total 207360K, used 206175K [0x000000076ab00000, 0x0000000779400000, 0x00000007c0000000)
  eden space 188416K, 100% used [0x000000076ab00000,0x0000000776300000,0x0000000776300000)
  from space 18944K, 93% used [0x0000000777980000,0x0000000778ad7dd0,0x0000000778c00000)
  to   space 23040K, 0% used [0x0000000776300000,0x0000000776300000,0x0000000777980000)
 ParOldGen       total 62976K, used 24495K [0x00000006c0000000, 0x00000006c3d80000, 0x000000076ab00000)
  object space 62976K, 38% used [0x00000006c0000000,0x00000006c17ebd18,0x00000006c3d80000)
 Metaspace       used 6369K, capacity 7192K, committed 7424K, reserved 1056768K
  class space    used 613K, capacity 656K, committed 768K, reserved 1048576K
Event: 5.267 GC heap after
Heap after GC invocations=7 (full 0):
 PSYoungGen      total 211456K, used 23024K [0x000000076ab00000, 0x0000000786400000, 0x00000007c0000000)
  eden space 188416K, 0% used [0x000000076ab00000,0x000000076ab00000,0x0000000776300000)
  from space 23040K, 99% used [0x0000000776300000,0x000000077797c320,0x0000000777980000)
  to   space 37376K, 0% used [0x0000000783f80000,0x0000000783f80000,0x0000000786400000)
 ParOldGen       total 62976K, used 43425K [0x00000006c0000000, 0x00000006c3d80000, 0x000000076ab00000)
  object space 62976K, 68% used [0x00000006c0000000,0x00000006c2a686e0,0x00000006c3d80000)
 Metaspace       used 6369K, capacity 7192K, committed 7424K, reserved 1056768K
  class space    used 613K, capacity 656K, committed 768K, reserved 1048576K
}
Event: 5.267 GC heap before
{Heap before GC invocations=8 (full 1):
 PSYoungGen      total 211456K, used 23024K [0x000000076ab00000, 0x0000000786400000, 0x00000007c0000000)
  eden space 188416K, 0% used [0x000000076ab00000,0x000000076ab00000,0x0000000776300000)
  from space 23040K, 99% used [0x0000000776300000,0x000000077797c320,0x0000000777980000)
  to   space 37376K, 0% used [0x0000000783f80000,0x0000000783f80000,0x0000000786400000)
 ParOldGen       total 62976K, used 43425K [0x00000006c0000000, 0x00000006c3d80000, 0x000000076ab00000)
  object space 62976K, 68% used [0x00000006c0000000,0x00000006c2a686e0,0x00000006c3d80000)
 Metaspace       used 6369K, capacity 7192K, committed 7424K, reserved 1056768K
  class space    used 613K, capacity 656K, committed 768K, reserved 1048576K
Event: 6.439 GC heap after
Heap after GC invocations=8 (full 1):
 PSYoungGen      total 211456K, used 0K [0x000000076ab00000, 0x0000000786400000, 0x00000007c0000000)
  eden space 188416K, 0% used [0x000000076ab00000,0x000000076ab00000,0x0000000776300000)
  from space 23040K, 0% used [0x0000000776300000,0x0000000776300000,0x0000000777980000)
  to   space 37376K, 0% used [0x0000000783f80000,0x0000000783f80000,0x0000000786400000)
 ParOldGen       total 118784K, used 62972K [0x00000006c0000000, 0x00000006c7400000, 0x000000076ab00000)
  object space 118784K, 53% used [0x00000006c0000000,0x00000006c3d7f148,0x00000006c7400000)
 Metaspace       used 6369K, capacity 7192K, committed 7424K, reserved 1056768K
  class space    used 613K, capacity 656K, committed 768K, reserved 1048576K
}
Event: 7.279 GC heap before
{Heap before GC invocations=9 (full 1):
 PSYoungGen      total 211456K, used 188416K [0x000000076ab00000, 0x0000000786400000, 0x00000007c0000000)
  eden space 188416K, 100% used [0x000000076ab00000,0x0000000776300000,0x0000000776300000)
  from space 23040K, 0% used [0x0000000776300000,0x0000000776300000,0x0000000777980000)
  to   space 37376K, 0% used [0x0000000783f80000,0x0000000783f80000,0x0000000786400000)
 ParOldGen       total 118784K, used 62972K [0x00000006c0000000, 0x00000006c7400000, 0x000000076ab00000)
  object space 118784K, 53% used [0x00000006c0000000,0x00000006c3d7f148,0x00000006c7400000)
 Metaspace       used 6472K, capacity 7256K, committed 7424K, reserved 1056768K
  class space    used 613K, capacity 656K, committed 768K, reserved 1048576K
Event: 8.716 GC heap after
Heap after GC invocations=9 (full 1):
 PSYoungGen      total 325120K, used 29033K [0x000000076ab00000, 0x0000000785c00000, 0x00000007c0000000)
  eden space 295936K, 0% used [0x000000076ab00000,0x000000076ab00000,0x000000077cc00000)
  from space 29184K, 99% used [0x0000000783f80000,0x0000000785bda518,0x0000000785c00000)
  to   space 41472K, 0% used [0x0000000780b00000,0x0000000780b00000,0x0000000783380000)
 ParOldGen       total 118784K, used 62980K [0x00000006c0000000, 0x00000006c7400000, 0x000000076ab00000)
  object space 118784K, 53% used [0x00000006c0000000,0x00000006c3d81148,0x00000006c7400000)
 Metaspace       used 6472K, capacity 7256K, committed 7424K, reserved 1056768K
  class space    used 613K, capacity 656K, committed 768K, reserved 1048576K
}
Event: 14.030 GC heap before
{Heap before GC invocations=10 (full 1):
 PSYoungGen      total 325120K, used 324969K [0x000000076ab00000, 0x0000000785c00000, 0x00000007c0000000)
  eden space 295936K, 100% used [0x000000076ab00000,0x000000077cc00000,0x000000077cc00000)
  from space 29184K, 99% used [0x0000000783f80000,0x0000000785bda518,0x0000000785c00000)
  to   space 41472K, 0% used [0x0000000780b00000,0x0000000780b00000,0x0000000783380000)
 ParOldGen       total 118784K, used 62980K [0x00000006c0000000, 0x00000006c7400000, 0x000000076ab00000)
  object space 118784K, 53% used [0x00000006c0000000,0x00000006c3d81148,0x00000006c7400000)
 Metaspace       used 6532K, capacity 7320K, committed 7680K, reserved 1056768K
  class space    used 614K, capacity 656K, committed 768K, reserved 1048576K
Event: 17.477 GC heap after
Heap after GC invocations=10 (full 1):
 PSYoungGen      total 401920K, used 41464K [0x000000076ab00000, 0x000000078a300000, 0x00000007c0000000)
  eden space 360448K, 0% used [0x000000076ab00000,0x000000076ab00000,0x0000000780b00000)
  from space 41472K, 99% used [0x0000000780b00000,0x000000078337e080,0x0000000783380000)
  to   space 56832K, 0% used [0x0000000786b80000,0x0000000786b80000,0x000000078a300000)
 ParOldGen       total 118784K, used 83139K [0x00000006c0000000, 0x00000006c7400000, 0x000000076ab00000)
  object space 118784K, 69% used [0x00000006c0000000,0x00000006c5130fb8,0x00000006c7400000)
 Metaspace       used 6532K, capacity 7320K, committed 7680K, reserved 1056768K
  class space    used 614K, capacity 656K, committed 768K, reserved 1048576K
}
Event: 22.130 GC heap before
{Heap before GC invocations=11 (full 1):
 PSYoungGen      total 401920K, used 401912K [0x000000076ab00000, 0x000000078a300000, 0x00000007c0000000)
  eden space 360448K, 100% used [0x000000076ab00000,0x0000000780b00000,0x0000000780b00000)
  from space 41472K, 99% used [0x0000000780b00000,0x000000078337e080,0x0000000783380000)
  to   space 56832K, 0% used [0x0000000786b80000,0x0000000786b80000,0x000000078a300000)
 ParOldGen       total 118784K, used 83139K [0x00000006c0000000, 0x00000006c7400000, 0x000000076ab00000)
  object space 118784K, 69% used [0x00000006c0000000,0x00000006c5130fb8,0x00000006c7400000)
 Metaspace       used 6553K, capacity 7320K, committed 7680K, reserved 1056768K
  class space    used 614K, capacity 656K, committed 768K, reserved 1048576K

