# JRE version: Java(TM) SE Runtime Environment (8.0_66-b17) (build 1.8.0_66-b17)
# Java VM: Java HotSpot(TM) 64-Bit Server VM (25.66-b17 mixed mode linux-amd64 compressed oops)
Heap:
 PSYoungGen      total 657920K, used 78305K [0x000000076ab00000, 0x0000000797f80000, 0x00000007c0000000)
  eden space 579584K, 0% used [0x000000076ab00000,0x000000076ab00000,0x000000078e100000)
  from space 78336K, 99% used [0x000000078e100000,0x0000000792d78680,0x0000000792d80000)
  to   space 69632K, 0% used [0x0000000792d80000,0x0000000792d80000,0x0000000797180000)
 ParOldGen       total 291328K, used 291227K [0x00000006c0000000, 0x00000006d1c80000, 0x000000076ab00000)
  object space 291328K, 99% used [0x00000006c0000000,0x00000006d1c66df0,0x00000006d1c80000)
 Metaspace       used 6586K, capacity 7320K, committed 7680K, reserved 1056768K
  class space    used 616K, capacity 656K, committed 768K, reserved 1048576K
GC Heap History (10 events):
Event: 12.361 GC heap after
Heap after GC invocations=13 (full 2):
 PSYoungGen      total 329728K, used 8917K [0x000000076ab00000, 0x000000078a080000, 0x00000007c0000000)
  eden space 275968K, 0% used [0x000000076ab00000,0x000000076ab00000,0x000000077b880000)
  from space 53760K, 16% used [0x000000077b880000,0x000000077c1355e8,0x000000077ed00000)
  to   space 54272K, 0% used [0x0000000786b80000,0x0000000786b80000,0x000000078a080000)
 ParOldGen       total 183296K, used 113197K [0x00000006c0000000, 0x00000006cb300000, 0x000000076ab00000)
  object space 183296K, 61% used [0x00000006c0000000,0x00000006c6e8b6a8,0x00000006cb300000)
 Metaspace       used 6529K, capacity 7320K, committed 7680K, reserved 1056768K
  class space    used 614K, capacity 656K, committed 768K, reserved 1048576K
}
Event: 13.914 GC heap before
{Heap before GC invocations=14 (full 2):
 PSYoungGen      total 329728K, used 284885K [0x000000076ab00000, 0x000000078a080000, 0x00000007c0000000)
  eden space 275968K, 100% used [0x000000076ab00000,0x000000077b880000,0x000000077b880000)
  from space 53760K, 16% used [0x000000077b880000,0x000000077c1355e8,0x000000077ed00000)
  to   space 54272K, 0% used [0x0000000786b80000,0x0000000786b80000,0x000000078a080000)
 ParOldGen       total 183296K, used 113197K [0x00000006c0000000, 0x00000006cb300000, 0x000000076ab00000)
  object space 183296K, 61% used [0x00000006c0000000,0x00000006c6e8b6a8,0x00000006cb300000)
 Metaspace       used 6547K, capacity 7320K, committed 7680K, reserved 1056768K
  class space    used 614K, capacity 656K, committed 768K, reserved 1048576K
Event: 19.307 GC heap after
Heap after GC invocations=14 (full 2):
 PSYoungGen      total 453632K, used 43441K [0x000000076ab00000, 0x000000078ae80000, 0x00000007c0000000)
  eden space 399360K, 0% used [0x000000076ab00000,0x000000076ab00000,0x0000000783100000)
  from space 54272K, 80% used [0x0000000786b80000,0x00000007895ec708,0x000000078a080000)
  to   space 59904K, 0% used [0x0000000783100000,0x0000000783100000,0x0000000786b80000)
 ParOldGen       total 183296K, used 121267K [0x00000006c0000000, 0x00000006cb300000, 0x000000076ab00000)
  object space 183296K, 66% used [0x00000006c0000000,0x00000006c766ce50,0x00000006cb300000)
 Metaspace       used 6547K, capacity 7320K, committed 7680K, reserved 1056768K
  class space    used 614K, capacity 656K, committed 768K, reserved 1048576K
}
Event: 23.638 GC heap before
{Heap before GC invocations=15 (full 2):
 PSYoungGen      total 453632K, used 442801K [0x000000076ab00000, 0x000000078ae80000, 0x00000007c0000000)
  eden space 399360K, 100% used [0x000000076ab00000,0x0000000783100000,0x0000000783100000)
  from space 54272K, 80% used [0x0000000786b80000,0x00000007895ec708,0x000000078a080000)
  to   space 59904K, 0% used [0x0000000783100000,0x0000000783100000,0x0000000786b80000)
 ParOldGen       total 183296K, used 121267K [0x00000006c0000000, 0x00000006cb300000, 0x000000076ab00000)
  object space 183296K, 66% used [0x00000006c0000000,0x00000006c766ce50,0x00000006cb300000)
 Metaspace       used 6552K, capacity 7320K, committed 7680K, reserved 1056768K
  class space    used 614K, capacity 656K, committed 768K, reserved 1048576K
Event: 25.754 GC heap after
Heap after GC invocations=15 (full 2):
 PSYoungGen      total 459264K, used 58842K [0x000000076ab00000, 0x0000000797180000, 0x00000007c0000000)
  eden space 399360K, 0% used [0x000000076ab00000,0x000000076ab00000,0x0000000783100000)
  from space 59904K, 98% used [0x0000000783100000,0x0000000786a76ac0,0x0000000786b80000)
  to   space 69632K, 0% used [0x0000000792d80000,0x0000000792d80000,0x0000000797180000)
 ParOldGen       total 183296K, used 162442K [0x00000006c0000000, 0x00000006cb300000, 0x000000076ab00000)
  object space 183296K, 88% used [0x00000006c0000000,0x00000006c9ea2b28,0x00000006cb300000)
 Metaspace       used 6552K, capacity 7320K, committed 7680K, reserved 1056768K
  class space    used 614K, capacity 656K, committed 768K, reserved 1048576K
}
Event: 25.754 GC heap before
{Heap before GC invocations=16 (full 3):
 PSYoungGen      total 459264K, used 58842K [0x000000076ab00000, 0x0000000797180000, 0x00000007c0000000)
  eden space 399360K, 0% used [0x000000076ab00000,0x000000076ab00000,0x0000000783100000)
  from space 59904K, 98% used [0x0000000783100000,0x0000000786a76ac0,0x0000000786b80000)
  to   space 69632K, 0% used [0x0000000792d80000,0x0000000792d80000,0x0000000797180000)
 ParOldGen       total 183296K, used 162442K [0x00000006c0000000, 0x00000006cb300000, 0x000000076ab00000)
  object space 183296K, 88% used [0x00000006c0000000,0x00000006c9ea2b28,0x00000006cb300000)
 Metaspace       used 6552K, capacity 7320K, committed 7680K, reserved 1056768K
  class space    used 614K, capacity 656K, committed 768K, reserved 1048576K
Event: 27.417 GC heap after
Heap after GC invocations=16 (full 3):
 PSYoungGen      total 459264K, used 35994K [0x000000076ab00000, 0x0000000797180000, 0x00000007c0000000)
  eden space 399360K, 0% used [0x000000076ab00000,0x000000076ab00000,0x0000000783100000)
  from space 59904K, 60% used [0x0000000783100000,0x0000000785426a38,0x0000000786b80000)
  to   space 69632K, 0% used [0x0000000792d80000,0x0000000792d80000,0x0000000797180000)
 ParOldGen       total 268288K, used 183139K [0x00000006c0000000, 0x00000006d0600000, 0x000000076ab00000)
  object space 268288K, 68% used [0x00000006c0000000,0x00000006cb2d8cd0,0x00000006d0600000)
 Metaspace       used 6552K, capacity 7320K, committed 7680K, reserved 1056768K
  class space    used 614K, capacity 656K, committed 768K, reserved 1048576K
}
Event: 28.642 GC heap before
{Heap before GC invocations=17 (full 3):
 PSYoungGen      total 459264K, used 435354K [0x000000076ab00000, 0x0000000797180000, 0x00000007c0000000)
  eden space 399360K, 100% used [0x000000076ab00000,0x0000000783100000,0x0000000783100000)
  from space 59904K, 60% used [0x0000000783100000,0x0000000785426a38,0x0000000786b80000)
  to   space 69632K, 0% used [0x0000000792d80000,0x0000000792d80000,0x0000000797180000)
 ParOldGen       total 268288K, used 183139K [0x00000006c0000000, 0x00000006d0600000, 0x000000076ab00000)
  object space 268288K, 68% used [0x00000006c0000000,0x00000006cb2d8cd0,0x00000006d0600000)
 Metaspace       used 6575K, capacity 7320K, committed 7680K, reserved 1056768K
  class space    used 616K, capacity 656K, committed 768K, reserved 1048576K
Event: 30.068 GC heap after
Heap after GC invocations=17 (full 3):
 PSYoungGen      total 649216K, used 60999K [0x000000076ab00000, 0x0000000797f80000, 0x00000007c0000000)
  eden space 579584K, 0% used [0x000000076ab00000,0x000000076ab00000,0x000000078e100000)
  from space 69632K, 87% used [0x0000000792d80000,0x0000000796911df8,0x0000000797180000)
  to   space 78336K, 0% used [0x000000078e100000,0x000000078e100000,0x0000000792d80000)
 ParOldGen       total 268288K, used 217045K [0x00000006c0000000, 0x00000006d0600000, 0x000000076ab00000)
  object space 268288K, 80% used [0x00000006c0000000,0x00000006cd3f5450,0x00000006d0600000)
 Metaspace       used 6575K, capacity 7320K, committed 7680K, reserved 1056768K
  class space    used 616K, capacity 656K, committed 768K, reserved 1048576K
}
Event: 40.239 GC heap before
{Heap before GC invocations=18 (full 3):
 PSYoungGen      total 649216K, used 640583K [0x000000076ab00000, 0x0000000797f80000, 0x00000007c0000000)
  eden space 579584K, 100% used [0x000000076ab00000,0x000000078e100000,0x000000078e100000)
  from space 69632K, 87% used [0x0000000792d80000,0x0000000796911df8,0x0000000797180000)
  to   space 78336K, 0% used [0x000000078e100000,0x000000078e100000,0x0000000792d80000)
 ParOldGen       total 268288K, used 217045K [0x00000006c0000000, 0x00000006d0600000, 0x000000076ab00000)
  object space 268288K, 80% used [0x00000006c0000000,0x00000006cd3f5450,0x00000006d0600000)
 Metaspace       used 6586K, capacity 7320K, committed 7680K, reserved 1056768K
  class space    used 616K, capacity 656K, committed 768K, reserved 1048576K

